05-21 17:22 requests.packages.urllib3.connectionpool INFO     Starting new HTTPS connection (1): github.com
05-21 17:22 root         INFO     [fetching] https://github.com/search?o=desc&p=1&q=smtp+pass+mail&l=Java&s=indexed&type=Code&utf8=%E2%9C%93&_pjax=%23js-pjax-container
05-21 17:22 requests.packages.urllib3.connectionpool INFO     Starting new HTTPS connection (1): github.com
05-21 17:22 root         INFO     update cookie success
05-21 17:22 root         INFO     [fetching] https://github.com/search?o=desc&p=2&q=smtp+pass+mail&l=Java&s=indexed&type=Code&utf8=%E2%9C%93&_pjax=%23js-pjax-container
05-21 17:22 requests.packages.urllib3.connectionpool INFO     Starting new HTTPS connection (1): github.com
05-21 17:22 root         INFO     update cookie success
05-21 17:22 root         INFO     [fetching] https://github.com/search?o=desc&p=3&q=smtp+pass+mail&l=Java&s=indexed&type=Code&utf8=%E2%9C%93&_pjax=%23js-pjax-container
05-21 17:22 requests.packages.urllib3.connectionpool INFO     Starting new HTTPS connection (1): github.com
05-21 17:22 root         INFO     update cookie success
05-21 17:22 root         INFO     [fetching] https://github.com/search?o=desc&p=4&q=smtp+pass+mail&l=Java&s=indexed&type=Code&utf8=%E2%9C%93&_pjax=%23js-pjax-container
05-21 17:22 requests.packages.urllib3.connectionpool INFO     Starting new HTTPS connection (1): github.com
05-21 17:22 root         INFO     update cookie success
05-21 17:23 root         INFO     [fetching] https://github.com/search?o=desc&p=5&q=smtp+pass+mail&l=Java&s=indexed&type=Code&utf8=%E2%9C%93&_pjax=%23js-pjax-container
05-21 17:23 requests.packages.urllib3.connectionpool INFO     Starting new HTTPS connection (1): github.com
05-21 17:23 root         INFO     update cookie success
05-21 17:23 root         INFO     [fetching] https://github.com/search?o=desc&p=6&q=smtp+pass+mail&l=Java&s=indexed&type=Code&utf8=%E2%9C%93&_pjax=%23js-pjax-container
05-21 17:23 requests.packages.urllib3.connectionpool INFO     Starting new HTTPS connection (1): github.com
05-21 17:23 root         INFO     update cookie success
05-21 17:23 root         INFO     [fetching] https://github.com/search?o=desc&p=7&q=smtp+pass+mail&l=Java&s=indexed&type=Code&utf8=%E2%9C%93&_pjax=%23js-pjax-container
05-21 17:23 requests.packages.urllib3.connectionpool INFO     Starting new HTTPS connection (1): github.com
05-21 17:23 root         INFO     update cookie success
05-21 17:23 root         INFO     [fetching] https://github.com/search?o=desc&p=8&q=smtp+pass+mail&l=Java&s=indexed&type=Code&utf8=%E2%9C%93&_pjax=%23js-pjax-container
05-21 17:23 requests.packages.urllib3.connectionpool INFO     Starting new HTTPS connection (1): github.com
05-21 17:23 root         INFO     update cookie success
05-21 17:23 root         INFO     [fetching] https://github.com/search?o=desc&p=9&q=smtp+pass+mail&l=Java&s=indexed&type=Code&utf8=%E2%9C%93&_pjax=%23js-pjax-container
05-21 17:23 requests.packages.urllib3.connectionpool INFO     Starting new HTTPS connection (1): github.com
05-21 17:23 root         INFO     update cookie success
05-21 17:23 root         INFO     [fetching] https://github.com/search?o=desc&p=10&q=smtp+pass+mail&l=Java&s=indexed&type=Code&utf8=%E2%9C%93&_pjax=%23js-pjax-container
05-21 17:23 requests.packages.urllib3.connectionpool INFO     Starting new HTTPS connection (1): github.com
05-21 17:23 root         INFO     update cookie success
05-21 17:23 root         INFO     [fetching] https://github.com/search?o=desc&p=11&q=smtp+pass+mail&l=Java&s=indexed&type=Code&utf8=%E2%9C%93&_pjax=%23js-pjax-container
05-21 17:23 requests.packages.urllib3.connectionpool INFO     Starting new HTTPS connection (1): github.com
05-21 17:23 root         INFO     update cookie success
05-21 17:23 root         INFO     [fetching] https://github.com/search?o=desc&p=12&q=smtp+pass+mail&l=Java&s=indexed&type=Code&utf8=%E2%9C%93&_pjax=%23js-pjax-container
05-21 17:23 requests.packages.urllib3.connectionpool INFO     Starting new HTTPS connection (1): github.com
05-21 17:23 root         INFO     update cookie success
05-21 17:23 root         INFO     [fetching] https://github.com/search?o=desc&p=13&q=smtp+pass+mail&l=Java&s=indexed&type=Code&utf8=%E2%9C%93&_pjax=%23js-pjax-container
05-21 17:23 requests.packages.urllib3.connectionpool INFO     Starting new HTTPS connection (1): github.com
05-21 17:23 root         INFO     update cookie success
05-21 17:23 root         INFO     [fetching] https://github.com/search?o=desc&p=14&q=smtp+pass+mail&l=Java&s=indexed&type=Code&utf8=%E2%9C%93&_pjax=%23js-pjax-container
05-21 17:23 requests.packages.urllib3.connectionpool INFO     Starting new HTTPS connection (1): github.com
05-21 17:24 root         INFO     update cookie success
05-21 17:24 root         INFO     [fetching] https://github.com/search?o=desc&p=15&q=smtp+pass+mail&l=Java&s=indexed&type=Code&utf8=%E2%9C%93&_pjax=%23js-pjax-container
05-21 17:24 requests.packages.urllib3.connectionpool INFO     Starting new HTTPS connection (1): github.com
05-21 17:24 root         INFO     update cookie success
05-21 17:24 root         INFO     [fetching] https://github.com/search?o=desc&p=16&q=smtp+pass+mail&l=Java&s=indexed&type=Code&utf8=%E2%9C%93&_pjax=%23js-pjax-container
05-21 17:24 requests.packages.urllib3.connectionpool INFO     Starting new HTTPS connection (1): github.com
05-21 17:24 root         INFO     update cookie success
05-21 17:24 root         INFO     [fetching] https://github.com/search?o=desc&p=17&q=smtp+pass+mail&l=Java&s=indexed&type=Code&utf8=%E2%9C%93&_pjax=%23js-pjax-container
05-21 17:24 requests.packages.urllib3.connectionpool INFO     Starting new HTTPS connection (1): github.com
05-21 17:24 root         INFO     update cookie success
05-21 17:24 root         INFO     [fetching] https://github.com/search?o=desc&p=18&q=smtp+pass+mail&l=Java&s=indexed&type=Code&utf8=%E2%9C%93&_pjax=%23js-pjax-container
05-21 17:24 requests.packages.urllib3.connectionpool INFO     Starting new HTTPS connection (1): github.com
05-21 17:24 root         INFO     update cookie success
05-21 17:24 root         INFO     [fetching] https://github.com/search?o=desc&p=19&q=smtp+pass+mail&l=Java&s=indexed&type=Code&utf8=%E2%9C%93&_pjax=%23js-pjax-container
05-21 17:24 requests.packages.urllib3.connectionpool INFO     Starting new HTTPS connection (1): github.com
05-21 17:24 root         INFO     update cookie success
05-21 17:24 root         INFO     [fetching] https://github.com/search?o=desc&p=20&q=smtp+pass+mail&l=Java&s=indexed&type=Code&utf8=%E2%9C%93&_pjax=%23js-pjax-container
05-21 17:24 requests.packages.urllib3.connectionpool INFO     Starting new HTTPS connection (1): github.com
05-21 17:24 root         INFO     update cookie success
05-21 17:24 root         INFO     [fetching] https://github.com/search?o=desc&p=21&q=smtp+pass+mail&l=Java&s=indexed&type=Code&utf8=%E2%9C%93&_pjax=%23js-pjax-container
05-21 17:24 requests.packages.urllib3.connectionpool INFO     Starting new HTTPS connection (1): github.com
05-21 17:24 root         INFO     update cookie success
05-21 17:24 root         INFO     [fetching] https://github.com/search?o=desc&p=22&q=smtp+pass+mail&l=Java&s=indexed&type=Code&utf8=%E2%9C%93&_pjax=%23js-pjax-container
05-21 17:24 requests.packages.urllib3.connectionpool INFO     Starting new HTTPS connection (1): github.com
05-21 17:24 root         INFO     update cookie success
05-21 17:24 root         INFO     [fetching] https://github.com/search?o=desc&p=23&q=smtp+pass+mail&l=Java&s=indexed&type=Code&utf8=%E2%9C%93&_pjax=%23js-pjax-container
05-21 17:24 requests.packages.urllib3.connectionpool INFO     Starting new HTTPS connection (1): github.com
05-21 17:24 root         INFO     update cookie success
05-21 17:24 root         INFO     [fetching] https://github.com/search?o=desc&p=24&q=smtp+pass+mail&l=Java&s=indexed&type=Code&utf8=%E2%9C%93&_pjax=%23js-pjax-container
05-21 17:24 requests.packages.urllib3.connectionpool INFO     Starting new HTTPS connection (1): github.com
05-21 17:24 root         INFO     update cookie success
05-21 17:24 root         INFO     [fetching] https://github.com/search?o=desc&p=25&q=smtp+pass+mail&l=Java&s=indexed&type=Code&utf8=%E2%9C%93&_pjax=%23js-pjax-container
05-21 17:24 requests.packages.urllib3.connectionpool INFO     Starting new HTTPS connection (1): github.com
05-21 17:24 root         INFO     update cookie success
05-21 17:25 root         INFO     [fetching] https://github.com/search?o=desc&p=26&q=smtp+pass+mail&l=Java&s=indexed&type=Code&utf8=%E2%9C%93&_pjax=%23js-pjax-container
05-21 17:25 requests.packages.urllib3.connectionpool INFO     Starting new HTTPS connection (1): github.com
05-21 17:25 root         INFO     update cookie success
05-21 17:25 root         INFO     [fetching] https://github.com/search?o=desc&p=27&q=smtp+pass+mail&l=Java&s=indexed&type=Code&utf8=%E2%9C%93&_pjax=%23js-pjax-container
05-21 17:25 requests.packages.urllib3.connectionpool INFO     Starting new HTTPS connection (1): github.com
05-21 17:25 root         INFO     update cookie success
05-21 17:25 root         INFO     [fetching] https://github.com/search?o=desc&p=28&q=smtp+pass+mail&l=Java&s=indexed&type=Code&utf8=%E2%9C%93&_pjax=%23js-pjax-container
05-21 17:25 requests.packages.urllib3.connectionpool INFO     Starting new HTTPS connection (1): github.com
05-21 17:25 root         INFO     update cookie success
05-21 17:25 root         INFO     [fetching] https://github.com/search?o=desc&p=29&q=smtp+pass+mail&l=Java&s=indexed&type=Code&utf8=%E2%9C%93&_pjax=%23js-pjax-container
05-21 17:25 requests.packages.urllib3.connectionpool INFO     Starting new HTTPS connection (1): github.com
05-21 17:25 root         INFO     update cookie success
05-21 17:25 root         INFO     [fetching] https://github.com/search?o=desc&p=30&q=smtp+pass+mail&l=Java&s=indexed&type=Code&utf8=%E2%9C%93&_pjax=%23js-pjax-container
05-21 17:25 requests.packages.urllib3.connectionpool INFO     Starting new HTTPS connection (1): github.com
05-21 17:25 root         INFO     update cookie success
05-21 17:25 root         INFO     [fetching] https://github.com/search?o=desc&p=31&q=smtp+pass+mail&l=Java&s=indexed&type=Code&utf8=%E2%9C%93&_pjax=%23js-pjax-container
05-21 17:25 requests.packages.urllib3.connectionpool INFO     Starting new HTTPS connection (1): github.com
05-21 17:25 root         INFO     update cookie success
05-21 17:25 root         INFO     [fetching] https://github.com/search?o=desc&p=32&q=smtp+pass+mail&l=Java&s=indexed&type=Code&utf8=%E2%9C%93&_pjax=%23js-pjax-container
05-21 17:25 requests.packages.urllib3.connectionpool INFO     Starting new HTTPS connection (1): github.com
05-21 17:25 root         INFO     update cookie success
05-21 17:25 root         INFO     [fetching] https://github.com/search?o=desc&p=33&q=smtp+pass+mail&l=Java&s=indexed&type=Code&utf8=%E2%9C%93&_pjax=%23js-pjax-container
05-21 17:25 requests.packages.urllib3.connectionpool INFO     Starting new HTTPS connection (1): github.com
05-21 17:25 root         INFO     update cookie success
05-21 17:25 root         INFO     [fetching] https://github.com/search?o=desc&p=34&q=smtp+pass+mail&l=Java&s=indexed&type=Code&utf8=%E2%9C%93&_pjax=%23js-pjax-container
05-21 17:25 requests.packages.urllib3.connectionpool INFO     Starting new HTTPS connection (1): github.com
05-21 17:25 root         INFO     update cookie success
05-21 17:25 root         INFO     [fetching] https://github.com/search?o=desc&p=35&q=smtp+pass+mail&l=Java&s=indexed&type=Code&utf8=%E2%9C%93&_pjax=%23js-pjax-container
05-21 17:25 requests.packages.urllib3.connectionpool INFO     Starting new HTTPS connection (1): github.com
05-21 17:25 root         INFO     update cookie success
05-21 17:25 root         INFO     [fetching] https://github.com/search?o=desc&p=36&q=smtp+pass+mail&l=Java&s=indexed&type=Code&utf8=%E2%9C%93&_pjax=%23js-pjax-container
05-21 17:25 requests.packages.urllib3.connectionpool INFO     Starting new HTTPS connection (1): github.com
05-21 17:25 root         INFO     update cookie success
05-21 17:25 root         INFO     [fetching] https://github.com/search?o=desc&p=37&q=smtp+pass+mail&l=Java&s=indexed&type=Code&utf8=%E2%9C%93&_pjax=%23js-pjax-container
05-21 17:25 requests.packages.urllib3.connectionpool INFO     Starting new HTTPS connection (1): github.com
05-21 17:25 root         INFO     update cookie success
05-21 17:26 root         INFO     [fetching] https://github.com/search?o=desc&p=38&q=smtp+pass+mail&l=Java&s=indexed&type=Code&utf8=%E2%9C%93&_pjax=%23js-pjax-container
05-21 17:26 requests.packages.urllib3.connectionpool INFO     Starting new HTTPS connection (1): github.com
05-21 17:26 root         INFO     update cookie success
05-21 17:26 root         INFO     [fetching] https://github.com/search?o=desc&p=39&q=smtp+pass+mail&l=Java&s=indexed&type=Code&utf8=%E2%9C%93&_pjax=%23js-pjax-container
05-21 17:26 requests.packages.urllib3.connectionpool INFO     Starting new HTTPS connection (1): github.com
05-21 17:26 root         INFO     update cookie success
05-21 17:26 root         INFO     [fetching] https://github.com/search?o=desc&p=40&q=smtp+pass+mail&l=Java&s=indexed&type=Code&utf8=%E2%9C%93&_pjax=%23js-pjax-container
05-21 17:26 requests.packages.urllib3.connectionpool INFO     Starting new HTTPS connection (1): github.com
05-21 17:26 root         INFO     update cookie success
05-21 17:26 root         INFO     [fetching] https://github.com/search?o=desc&p=41&q=smtp+pass+mail&l=Java&s=indexed&type=Code&utf8=%E2%9C%93&_pjax=%23js-pjax-container
05-21 17:26 requests.packages.urllib3.connectionpool INFO     Starting new HTTPS connection (1): github.com
05-21 17:26 root         INFO     update cookie success
05-21 17:26 root         INFO     [fetching] https://github.com/search?o=desc&p=42&q=smtp+pass+mail&l=Java&s=indexed&type=Code&utf8=%E2%9C%93&_pjax=%23js-pjax-container
05-21 17:26 requests.packages.urllib3.connectionpool INFO     Starting new HTTPS connection (1): github.com
05-21 17:26 root         INFO     update cookie success
05-21 17:26 root         INFO     [fetching] https://github.com/search?o=desc&p=43&q=smtp+pass+mail&l=Java&s=indexed&type=Code&utf8=%E2%9C%93&_pjax=%23js-pjax-container
05-21 17:26 requests.packages.urllib3.connectionpool INFO     Starting new HTTPS connection (1): github.com
05-21 17:26 root         INFO     update cookie success
05-21 17:26 root         INFO     [fetching] https://github.com/search?o=desc&p=44&q=smtp+pass+mail&l=Java&s=indexed&type=Code&utf8=%E2%9C%93&_pjax=%23js-pjax-container
05-21 17:26 requests.packages.urllib3.connectionpool INFO     Starting new HTTPS connection (1): github.com
05-21 17:26 root         INFO     update cookie success
05-21 17:26 root         INFO     [fetching] https://github.com/search?o=desc&p=45&q=smtp+pass+mail&l=Java&s=indexed&type=Code&utf8=%E2%9C%93&_pjax=%23js-pjax-container
05-21 17:26 requests.packages.urllib3.connectionpool INFO     Starting new HTTPS connection (1): github.com
05-21 17:26 root         INFO     update cookie success
05-21 17:26 root         INFO     [fetching] https://github.com/search?o=desc&p=46&q=smtp+pass+mail&l=Java&s=indexed&type=Code&utf8=%E2%9C%93&_pjax=%23js-pjax-container
05-21 17:26 requests.packages.urllib3.connectionpool INFO     Starting new HTTPS connection (1): github.com
05-21 17:26 root         INFO     update cookie success
05-21 17:26 root         INFO     [fetching] https://github.com/search?o=desc&p=47&q=smtp+pass+mail&l=Java&s=indexed&type=Code&utf8=%E2%9C%93&_pjax=%23js-pjax-container
05-21 17:26 requests.packages.urllib3.connectionpool INFO     Starting new HTTPS connection (1): github.com
05-21 17:26 root         INFO     update cookie success
05-21 17:27 root         INFO     [fetching] https://github.com/search?o=desc&p=48&q=smtp+pass+mail&l=Java&s=indexed&type=Code&utf8=%E2%9C%93&_pjax=%23js-pjax-container
05-21 17:27 requests.packages.urllib3.connectionpool INFO     Starting new HTTPS connection (1): github.com
05-21 17:27 root         INFO     update cookie success
05-21 17:27 root         INFO     [fetching] https://github.com/search?o=desc&p=49&q=smtp+pass+mail&l=Java&s=indexed&type=Code&utf8=%E2%9C%93&_pjax=%23js-pjax-container
05-21 17:27 requests.packages.urllib3.connectionpool INFO     Starting new HTTPS connection (1): github.com
05-21 17:27 root         INFO     update cookie success
05-21 17:27 root         INFO     [fetching] https://github.com/search?o=desc&p=50&q=smtp+pass+mail&l=Java&s=indexed&type=Code&utf8=%E2%9C%93&_pjax=%23js-pjax-container
05-21 17:27 requests.packages.urllib3.connectionpool INFO     Starting new HTTPS connection (1): github.com
05-21 17:27 root         INFO     update cookie success
05-21 17:27 root         INFO     [fetching] https://github.com/search?o=desc&p=51&q=smtp+pass+mail&l=Java&s=indexed&type=Code&utf8=%E2%9C%93&_pjax=%23js-pjax-container
05-21 17:27 requests.packages.urllib3.connectionpool INFO     Starting new HTTPS connection (1): github.com
05-21 17:27 root         INFO     update cookie success
05-21 17:27 root         INFO     [fetching] https://github.com/search?o=desc&p=52&q=smtp+pass+mail&l=Java&s=indexed&type=Code&utf8=%E2%9C%93&_pjax=%23js-pjax-container
05-21 17:27 requests.packages.urllib3.connectionpool INFO     Starting new HTTPS connection (1): github.com
05-21 17:27 root         INFO     update cookie success
05-21 17:27 root         INFO     [fetching] https://github.com/search?o=desc&p=53&q=smtp+pass+mail&l=Java&s=indexed&type=Code&utf8=%E2%9C%93&_pjax=%23js-pjax-container
05-21 17:27 requests.packages.urllib3.connectionpool INFO     Starting new HTTPS connection (1): github.com
05-21 17:27 root         INFO     update cookie success
05-21 17:27 root         INFO     [fetching] https://github.com/search?o=desc&p=54&q=smtp+pass+mail&l=Java&s=indexed&type=Code&utf8=%E2%9C%93&_pjax=%23js-pjax-container
05-21 17:27 requests.packages.urllib3.connectionpool INFO     Starting new HTTPS connection (1): github.com
05-21 17:27 root         INFO     update cookie success
05-21 17:27 root         INFO     [fetching] https://github.com/search?o=desc&p=55&q=smtp+pass+mail&l=Java&s=indexed&type=Code&utf8=%E2%9C%93&_pjax=%23js-pjax-container
05-21 17:27 requests.packages.urllib3.connectionpool INFO     Starting new HTTPS connection (1): github.com
05-21 17:27 root         INFO     update cookie success
05-21 17:27 root         INFO     [fetching] https://github.com/search?o=desc&p=56&q=smtp+pass+mail&l=Java&s=indexed&type=Code&utf8=%E2%9C%93&_pjax=%23js-pjax-container
05-21 17:27 requests.packages.urllib3.connectionpool INFO     Starting new HTTPS connection (1): github.com
05-21 17:27 root         INFO     update cookie success
05-21 17:27 root         INFO     [fetching] https://github.com/search?o=desc&p=57&q=smtp+pass+mail&l=Java&s=indexed&type=Code&utf8=%E2%9C%93&_pjax=%23js-pjax-container
05-21 17:27 requests.packages.urllib3.connectionpool INFO     Starting new HTTPS connection (1): github.com
05-21 17:28 root         INFO     update cookie success
05-21 17:28 root         INFO     [fetching] https://github.com/search?o=desc&p=58&q=smtp+pass+mail&l=Java&s=indexed&type=Code&utf8=%E2%9C%93&_pjax=%23js-pjax-container
05-21 17:28 requests.packages.urllib3.connectionpool INFO     Starting new HTTPS connection (1): github.com
05-21 17:28 root         INFO     update cookie success
05-21 17:28 root         INFO     [fetching] https://github.com/search?o=desc&p=59&q=smtp+pass+mail&l=Java&s=indexed&type=Code&utf8=%E2%9C%93&_pjax=%23js-pjax-container
05-21 17:28 requests.packages.urllib3.connectionpool INFO     Starting new HTTPS connection (1): github.com
05-21 17:28 root         INFO     update cookie success
05-21 17:28 root         INFO     [fetching] https://github.com/search?o=desc&p=60&q=smtp+pass+mail&l=Java&s=indexed&type=Code&utf8=%E2%9C%93&_pjax=%23js-pjax-container
05-21 17:28 requests.packages.urllib3.connectionpool INFO     Starting new HTTPS connection (1): github.com
05-21 17:28 root         INFO     update cookie success
05-21 17:28 root         INFO     [fetching] https://github.com/search?o=desc&p=61&q=smtp+pass+mail&l=Java&s=indexed&type=Code&utf8=%E2%9C%93&_pjax=%23js-pjax-container
05-21 17:28 requests.packages.urllib3.connectionpool INFO     Starting new HTTPS connection (1): github.com
05-21 17:28 root         INFO     update cookie success
05-21 17:28 root         INFO     [fetching] https://github.com/search?o=desc&p=62&q=smtp+pass+mail&l=Java&s=indexed&type=Code&utf8=%E2%9C%93&_pjax=%23js-pjax-container
05-21 17:28 requests.packages.urllib3.connectionpool INFO     Starting new HTTPS connection (1): github.com
05-21 17:28 root         INFO     update cookie success
05-21 17:28 root         INFO     [fetching] https://github.com/search?o=desc&p=63&q=smtp+pass+mail&l=Java&s=indexed&type=Code&utf8=%E2%9C%93&_pjax=%23js-pjax-container
05-21 17:28 requests.packages.urllib3.connectionpool INFO     Starting new HTTPS connection (1): github.com
05-21 17:28 root         INFO     update cookie success
05-21 17:28 root         INFO     [fetching] https://github.com/search?o=desc&p=64&q=smtp+pass+mail&l=Java&s=indexed&type=Code&utf8=%E2%9C%93&_pjax=%23js-pjax-container
05-21 17:28 requests.packages.urllib3.connectionpool INFO     Starting new HTTPS connection (1): github.com
05-21 17:28 root         INFO     update cookie success
05-21 17:28 root         INFO     [fetching] https://github.com/search?o=desc&p=65&q=smtp+pass+mail&l=Java&s=indexed&type=Code&utf8=%E2%9C%93&_pjax=%23js-pjax-container
05-21 17:28 requests.packages.urllib3.connectionpool INFO     Starting new HTTPS connection (1): github.com
05-21 17:29 root         INFO     update cookie success
05-21 17:29 root         INFO     [fetching] https://github.com/search?o=desc&p=66&q=smtp+pass+mail&l=Java&s=indexed&type=Code&utf8=%E2%9C%93&_pjax=%23js-pjax-container
05-21 17:29 requests.packages.urllib3.connectionpool INFO     Starting new HTTPS connection (1): github.com
05-21 17:29 root         INFO     update cookie success
05-21 17:29 root         INFO     [fetching] https://github.com/search?o=desc&p=67&q=smtp+pass+mail&l=Java&s=indexed&type=Code&utf8=%E2%9C%93&_pjax=%23js-pjax-container
05-21 17:29 requests.packages.urllib3.connectionpool INFO     Starting new HTTPS connection (1): github.com
05-21 17:29 root         INFO     update cookie success
05-21 17:29 root         INFO     [fetching] https://github.com/search?o=desc&p=68&q=smtp+pass+mail&l=Java&s=indexed&type=Code&utf8=%E2%9C%93&_pjax=%23js-pjax-container
05-21 17:29 requests.packages.urllib3.connectionpool INFO     Starting new HTTPS connection (1): github.com
05-21 17:29 root         INFO     [-][Error] Line 145.	ConnectionError(MaxRetryError("HTTPSConnectionPool(host='github.com', port=443): Max retries exceeded with url: /search?o=desc&p=68&q=smtp+pass+mail&l=Java&s=indexed&type=Code&utf8=%E2%9C%93&_pjax=%23js-pjax-container (Caused by NewConnectionError('<requests.packages.urllib3.connection.VerifiedHTTPSConnection object at 0x45d0b50>: Failed to establish a new connection: [Errno 110] Connection timed out',))",),)
05-21 17:29 root         INFO     [fetching] https://github.com/search?o=desc&p=69&q=smtp+pass+mail&l=Java&s=indexed&type=Code&utf8=%E2%9C%93&_pjax=%23js-pjax-container
05-21 17:29 requests.packages.urllib3.connectionpool INFO     Starting new HTTPS connection (1): github.com
05-21 17:29 root         INFO     [-][Error] Line 145.	ConnectionError(MaxRetryError("HTTPSConnectionPool(host='github.com', port=443): Max retries exceeded with url: /search?o=desc&p=69&q=smtp+pass+mail&l=Java&s=indexed&type=Code&utf8=%E2%9C%93&_pjax=%23js-pjax-container (Caused by NewConnectionError('<requests.packages.urllib3.connection.VerifiedHTTPSConnection object at 0x45cd350>: Failed to establish a new connection: [Errno 110] Connection timed out',))",),)
05-21 17:29 root         INFO     [fetching] https://github.com/search?o=desc&p=70&q=smtp+pass+mail&l=Java&s=indexed&type=Code&utf8=%E2%9C%93&_pjax=%23js-pjax-container
05-21 17:29 requests.packages.urllib3.connectionpool INFO     Starting new HTTPS connection (1): github.com
05-21 17:29 root         INFO     [-][Error] Line 145.	ConnectionError(MaxRetryError("HTTPSConnectionPool(host='github.com', port=443): Max retries exceeded with url: /search?o=desc&p=70&q=smtp+pass+mail&l=Java&s=indexed&type=Code&utf8=%E2%9C%93&_pjax=%23js-pjax-container (Caused by NewConnectionError('<requests.packages.urllib3.connection.VerifiedHTTPSConnection object at 0x45cd390>: Failed to establish a new connection: [Errno 110] Connection timed out',))",),)
05-21 17:29 root         INFO     [fetching] https://github.com/search?o=desc&p=71&q=smtp+pass+mail&l=Java&s=indexed&type=Code&utf8=%E2%9C%93&_pjax=%23js-pjax-container
05-21 17:29 requests.packages.urllib3.connectionpool INFO     Starting new HTTPS connection (1): github.com
05-21 17:29 root         INFO     [-][Error] Line 145.	ConnectionError(MaxRetryError("HTTPSConnectionPool(host='github.com', port=443): Max retries exceeded with url: /search?o=desc&p=71&q=smtp+pass+mail&l=Java&s=indexed&type=Code&utf8=%E2%9C%93&_pjax=%23js-pjax-container (Caused by NewConnectionError('<requests.packages.urllib3.connection.VerifiedHTTPSConnection object at 0x45cd410>: Failed to establish a new connection: [Errno 110] Connection timed out',))",),)
05-21 17:29 root         INFO     [fetching] https://github.com/search?o=desc&p=72&q=smtp+pass+mail&l=Java&s=indexed&type=Code&utf8=%E2%9C%93&_pjax=%23js-pjax-container
05-21 17:29 requests.packages.urllib3.connectionpool INFO     Starting new HTTPS connection (1): github.com
05-21 17:30 root         INFO     [-][Error] Line 145.	ConnectionError(MaxRetryError("HTTPSConnectionPool(host='github.com', port=443): Max retries exceeded with url: /search?o=desc&p=72&q=smtp+pass+mail&l=Java&s=indexed&type=Code&utf8=%E2%9C%93&_pjax=%23js-pjax-container (Caused by NewConnectionError('<requests.packages.urllib3.connection.VerifiedHTTPSConnection object at 0x45cd4d0>: Failed to establish a new connection: [Errno 110] Connection timed out',))",),)
05-21 17:30 root         INFO     [fetching] https://github.com/search?o=desc&p=73&q=smtp+pass+mail&l=Java&s=indexed&type=Code&utf8=%E2%9C%93&_pjax=%23js-pjax-container
05-21 17:30 requests.packages.urllib3.connectionpool INFO     Starting new HTTPS connection (1): github.com
05-21 17:30 root         INFO     [-][Error] Line 145.	ConnectionError(MaxRetryError("HTTPSConnectionPool(host='github.com', port=443): Max retries exceeded with url: /search?o=desc&p=73&q=smtp+pass+mail&l=Java&s=indexed&type=Code&utf8=%E2%9C%93&_pjax=%23js-pjax-container (Caused by NewConnectionError('<requests.packages.urllib3.connection.VerifiedHTTPSConnection object at 0x45cd590>: Failed to establish a new connection: [Errno 110] Connection timed out',))",),)
05-21 17:30 root         INFO     [fetching] https://github.com/search?o=desc&p=74&q=smtp+pass+mail&l=Java&s=indexed&type=Code&utf8=%E2%9C%93&_pjax=%23js-pjax-container
05-21 17:30 requests.packages.urllib3.connectionpool INFO     Starting new HTTPS connection (1): github.com
05-21 17:30 root         INFO     [-][Error] Line 145.	ConnectionError(MaxRetryError("HTTPSConnectionPool(host='github.com', port=443): Max retries exceeded with url: /search?o=desc&p=74&q=smtp+pass+mail&l=Java&s=indexed&type=Code&utf8=%E2%9C%93&_pjax=%23js-pjax-container (Caused by NewConnectionError('<requests.packages.urllib3.connection.VerifiedHTTPSConnection object at 0x45cd650>: Failed to establish a new connection: [Errno 110] Connection timed out',))",),)
05-21 17:30 root         INFO     [fetching] https://github.com/search?o=desc&p=75&q=smtp+pass+mail&l=Java&s=indexed&type=Code&utf8=%E2%9C%93&_pjax=%23js-pjax-container
05-21 17:30 requests.packages.urllib3.connectionpool INFO     Starting new HTTPS connection (1): github.com
05-21 17:30 root         INFO     [-][Error] Line 145.	ConnectionError(MaxRetryError("HTTPSConnectionPool(host='github.com', port=443): Max retries exceeded with url: /search?o=desc&p=75&q=smtp+pass+mail&l=Java&s=indexed&type=Code&utf8=%E2%9C%93&_pjax=%23js-pjax-container (Caused by NewConnectionError('<requests.packages.urllib3.connection.VerifiedHTTPSConnection object at 0x45cd710>: Failed to establish a new connection: [Errno 110] Connection timed out',))",),)
05-21 17:30 root         INFO     [fetching] https://github.com/search?o=desc&p=76&q=smtp+pass+mail&l=Java&s=indexed&type=Code&utf8=%E2%9C%93&_pjax=%23js-pjax-container
05-21 17:30 requests.packages.urllib3.connectionpool INFO     Starting new HTTPS connection (1): github.com
05-21 17:30 root         INFO     [-][Error] Line 145.	ConnectionError(MaxRetryError("HTTPSConnectionPool(host='github.com', port=443): Max retries exceeded with url: /search?o=desc&p=76&q=smtp+pass+mail&l=Java&s=indexed&type=Code&utf8=%E2%9C%93&_pjax=%23js-pjax-container (Caused by NewConnectionError('<requests.packages.urllib3.connection.VerifiedHTTPSConnection object at 0x45cd7d0>: Failed to establish a new connection: [Errno 110] Connection timed out',))",),)
05-21 17:30 root         INFO     [fetching] https://github.com/search?o=desc&p=77&q=smtp+pass+mail&l=Java&s=indexed&type=Code&utf8=%E2%9C%93&_pjax=%23js-pjax-container
05-21 17:30 requests.packages.urllib3.connectionpool INFO     Starting new HTTPS connection (1): github.com
05-21 17:30 root         INFO     [-][Error] Line 145.	ConnectionError(MaxRetryError("HTTPSConnectionPool(host='github.com', port=443): Max retries exceeded with url: /search?o=desc&p=77&q=smtp+pass+mail&l=Java&s=indexed&type=Code&utf8=%E2%9C%93&_pjax=%23js-pjax-container (Caused by NewConnectionError('<requests.packages.urllib3.connection.VerifiedHTTPSConnection object at 0x45cd890>: Failed to establish a new connection: [Errno 110] Connection timed out',))",),)
05-21 17:30 root         INFO     [fetching] https://github.com/search?o=desc&p=78&q=smtp+pass+mail&l=Java&s=indexed&type=Code&utf8=%E2%9C%93&_pjax=%23js-pjax-container
05-21 17:30 requests.packages.urllib3.connectionpool INFO     Starting new HTTPS connection (1): github.com
05-21 17:30 root         INFO     [-][Error] Line 145.	ConnectionError(MaxRetryError("HTTPSConnectionPool(host='github.com', port=443): Max retries exceeded with url: /search?o=desc&p=78&q=smtp+pass+mail&l=Java&s=indexed&type=Code&utf8=%E2%9C%93&_pjax=%23js-pjax-container (Caused by NewConnectionError('<requests.packages.urllib3.connection.VerifiedHTTPSConnection object at 0x45cd590>: Failed to establish a new connection: [Errno 110] Connection timed out',))",),)
05-21 17:30 root         INFO     [fetching] https://github.com/search?o=desc&p=79&q=smtp+pass+mail&l=Java&s=indexed&type=Code&utf8=%E2%9C%93&_pjax=%23js-pjax-container
05-21 17:30 requests.packages.urllib3.connectionpool INFO     Starting new HTTPS connection (1): github.com
05-21 17:31 root         INFO     [-][Error] Line 145.	ConnectionError(MaxRetryError("HTTPSConnectionPool(host='github.com', port=443): Max retries exceeded with url: /search?o=desc&p=79&q=smtp+pass+mail&l=Java&s=indexed&type=Code&utf8=%E2%9C%93&_pjax=%23js-pjax-container (Caused by NewConnectionError('<requests.packages.urllib3.connection.VerifiedHTTPSConnection object at 0x45cd150>: Failed to establish a new connection: [Errno 110] Connection timed out',))",),)
05-21 17:31 root         INFO     [fetching] https://github.com/search?o=desc&p=1&q=smtp+pass+mail&l=Python&s=indexed&type=Code&utf8=%E2%9C%93&_pjax=%23js-pjax-container
05-21 17:31 requests.packages.urllib3.connectionpool INFO     Starting new HTTPS connection (1): github.com
05-21 17:31 root         INFO     [-][Error] Line 145.	ConnectionError(MaxRetryError("HTTPSConnectionPool(host='github.com', port=443): Max retries exceeded with url: /search?o=desc&p=1&q=smtp+pass+mail&l=Python&s=indexed&type=Code&utf8=%E2%9C%93&_pjax=%23js-pjax-container (Caused by NewConnectionError('<requests.packages.urllib3.connection.VerifiedHTTPSConnection object at 0x45cd350>: Failed to establish a new connection: [Errno 110] Connection timed out',))",),)
05-21 17:31 root         INFO     [fetching] https://github.com/search?o=desc&p=2&q=smtp+pass+mail&l=Python&s=indexed&type=Code&utf8=%E2%9C%93&_pjax=%23js-pjax-container
05-21 17:31 requests.packages.urllib3.connectionpool INFO     Starting new HTTPS connection (1): github.com
05-21 17:31 root         INFO     [-][Error] Line 145.	ConnectionError(MaxRetryError("HTTPSConnectionPool(host='github.com', port=443): Max retries exceeded with url: /search?o=desc&p=2&q=smtp+pass+mail&l=Python&s=indexed&type=Code&utf8=%E2%9C%93&_pjax=%23js-pjax-container (Caused by NewConnectionError('<requests.packages.urllib3.connection.VerifiedHTTPSConnection object at 0x45cd6d0>: Failed to establish a new connection: [Errno 110] Connection timed out',))",),)
05-21 17:31 root         INFO     [fetching] https://github.com/search?o=desc&p=3&q=smtp+pass+mail&l=Python&s=indexed&type=Code&utf8=%E2%9C%93&_pjax=%23js-pjax-container
05-21 17:31 requests.packages.urllib3.connectionpool INFO     Starting new HTTPS connection (1): github.com
05-21 17:31 root         INFO     update cookie success
05-21 17:31 root         INFO     [fetching] https://github.com/search?o=desc&p=4&q=smtp+pass+mail&l=Python&s=indexed&type=Code&utf8=%E2%9C%93&_pjax=%23js-pjax-container
05-21 17:31 requests.packages.urllib3.connectionpool INFO     Starting new HTTPS connection (1): github.com
05-21 17:31 root         INFO     update cookie success
05-21 17:31 root         INFO     [fetching] https://github.com/search?o=desc&p=5&q=smtp+pass+mail&l=Python&s=indexed&type=Code&utf8=%E2%9C%93&_pjax=%23js-pjax-container
05-21 17:31 requests.packages.urllib3.connectionpool INFO     Starting new HTTPS connection (1): github.com
05-21 17:31 root         INFO     update cookie success
05-21 17:31 root         INFO     [fetching] https://github.com/search?o=desc&p=6&q=smtp+pass+mail&l=Python&s=indexed&type=Code&utf8=%E2%9C%93&_pjax=%23js-pjax-container
05-21 17:31 requests.packages.urllib3.connectionpool INFO     Starting new HTTPS connection (1): github.com
05-21 17:31 root         INFO     update cookie success
05-21 17:31 root         INFO     [fetching] https://github.com/search?o=desc&p=7&q=smtp+pass+mail&l=Python&s=indexed&type=Code&utf8=%E2%9C%93&_pjax=%23js-pjax-container
05-21 17:31 requests.packages.urllib3.connectionpool INFO     Starting new HTTPS connection (1): github.com
05-21 17:31 root         INFO     update cookie success
05-21 17:31 root         INFO     [fetching] https://github.com/search?o=desc&p=8&q=smtp+pass+mail&l=Python&s=indexed&type=Code&utf8=%E2%9C%93&_pjax=%23js-pjax-container
05-21 17:31 requests.packages.urllib3.connectionpool INFO     Starting new HTTPS connection (1): github.com
05-21 17:31 root         INFO     update cookie success
05-21 17:31 root         INFO     [fetching] https://github.com/search?o=desc&p=9&q=smtp+pass+mail&l=Python&s=indexed&type=Code&utf8=%E2%9C%93&_pjax=%23js-pjax-container
05-21 17:31 requests.packages.urllib3.connectionpool INFO     Starting new HTTPS connection (1): github.com
05-21 17:32 root         INFO     update cookie success
05-21 17:32 root         INFO     [fetching] https://github.com/search?o=desc&p=10&q=smtp+pass+mail&l=Python&s=indexed&type=Code&utf8=%E2%9C%93&_pjax=%23js-pjax-container
05-21 17:32 requests.packages.urllib3.connectionpool INFO     Starting new HTTPS connection (1): github.com
05-21 17:32 root         INFO     update cookie success
05-21 17:32 root         INFO     [fetching] https://github.com/search?o=desc&p=11&q=smtp+pass+mail&l=Python&s=indexed&type=Code&utf8=%E2%9C%93&_pjax=%23js-pjax-container
05-21 17:32 requests.packages.urllib3.connectionpool INFO     Starting new HTTPS connection (1): github.com
05-21 17:32 root         INFO     update cookie success
05-21 17:32 root         INFO     [fetching] https://github.com/search?o=desc&p=12&q=smtp+pass+mail&l=Python&s=indexed&type=Code&utf8=%E2%9C%93&_pjax=%23js-pjax-container
05-21 17:32 requests.packages.urllib3.connectionpool INFO     Starting new HTTPS connection (1): github.com
05-21 17:32 root         INFO     update cookie success
05-21 17:32 root         INFO     [fetching] https://github.com/search?o=desc&p=13&q=smtp+pass+mail&l=Python&s=indexed&type=Code&utf8=%E2%9C%93&_pjax=%23js-pjax-container
05-21 17:32 requests.packages.urllib3.connectionpool INFO     Starting new HTTPS connection (1): github.com
05-21 17:32 root         INFO     update cookie success
05-21 17:32 root         INFO     [fetching] https://github.com/search?o=desc&p=14&q=smtp+pass+mail&l=Python&s=indexed&type=Code&utf8=%E2%9C%93&_pjax=%23js-pjax-container
05-21 17:32 requests.packages.urllib3.connectionpool INFO     Starting new HTTPS connection (1): github.com
05-21 17:32 root         INFO     update cookie success
05-21 17:32 root         INFO     [fetching] https://github.com/search?o=desc&p=15&q=smtp+pass+mail&l=Python&s=indexed&type=Code&utf8=%E2%9C%93&_pjax=%23js-pjax-container
05-21 17:32 requests.packages.urllib3.connectionpool INFO     Starting new HTTPS connection (1): github.com
05-21 17:32 root         INFO     update cookie success
05-21 17:32 root         INFO     [fetching] https://github.com/search?o=desc&p=16&q=smtp+pass+mail&l=Python&s=indexed&type=Code&utf8=%E2%9C%93&_pjax=%23js-pjax-container
05-21 17:32 requests.packages.urllib3.connectionpool INFO     Starting new HTTPS connection (1): github.com
05-21 17:32 root         INFO     update cookie success
05-21 17:32 root         INFO     [fetching] https://github.com/search?o=desc&p=17&q=smtp+pass+mail&l=Python&s=indexed&type=Code&utf8=%E2%9C%93&_pjax=%23js-pjax-container
05-21 17:32 requests.packages.urllib3.connectionpool INFO     Starting new HTTPS connection (1): github.com
05-21 17:32 root         INFO     update cookie success
05-21 17:32 root         INFO     [fetching] https://github.com/search?o=desc&p=18&q=smtp+pass+mail&l=Python&s=indexed&type=Code&utf8=%E2%9C%93&_pjax=%23js-pjax-container
05-21 17:32 requests.packages.urllib3.connectionpool INFO     Starting new HTTPS connection (1): github.com
05-21 17:32 root         INFO     update cookie success
05-21 17:32 root         INFO     [fetching] https://github.com/search?o=desc&p=19&q=smtp+pass+mail&l=Python&s=indexed&type=Code&utf8=%E2%9C%93&_pjax=%23js-pjax-container
05-21 17:32 requests.packages.urllib3.connectionpool INFO     Starting new HTTPS connection (1): github.com
05-21 17:33 root         INFO     update cookie success
05-21 17:33 root         INFO     [fetching] https://github.com/search?o=desc&p=20&q=smtp+pass+mail&l=Python&s=indexed&type=Code&utf8=%E2%9C%93&_pjax=%23js-pjax-container
05-21 17:33 requests.packages.urllib3.connectionpool INFO     Starting new HTTPS connection (1): github.com
05-21 17:33 root         INFO     update cookie success
05-21 17:33 root         INFO     [fetching] https://github.com/search?o=desc&p=21&q=smtp+pass+mail&l=Python&s=indexed&type=Code&utf8=%E2%9C%93&_pjax=%23js-pjax-container
05-21 17:33 requests.packages.urllib3.connectionpool INFO     Starting new HTTPS connection (1): github.com
05-21 17:33 root         INFO     update cookie success
05-21 17:33 root         INFO     [fetching] https://github.com/search?o=desc&p=22&q=smtp+pass+mail&l=Python&s=indexed&type=Code&utf8=%E2%9C%93&_pjax=%23js-pjax-container
05-21 17:33 requests.packages.urllib3.connectionpool INFO     Starting new HTTPS connection (1): github.com
05-21 17:33 root         INFO     update cookie success
05-21 17:33 root         INFO     [fetching] https://github.com/search?o=desc&p=23&q=smtp+pass+mail&l=Python&s=indexed&type=Code&utf8=%E2%9C%93&_pjax=%23js-pjax-container
05-21 17:33 requests.packages.urllib3.connectionpool INFO     Starting new HTTPS connection (1): github.com
05-21 17:33 root         INFO     update cookie success
05-21 17:33 root         INFO     [fetching] https://github.com/search?o=desc&p=24&q=smtp+pass+mail&l=Python&s=indexed&type=Code&utf8=%E2%9C%93&_pjax=%23js-pjax-container
05-21 17:33 requests.packages.urllib3.connectionpool INFO     Starting new HTTPS connection (1): github.com
05-21 17:33 root         INFO     update cookie success
05-21 17:33 root         INFO     [fetching] https://github.com/search?o=desc&p=25&q=smtp+pass+mail&l=Python&s=indexed&type=Code&utf8=%E2%9C%93&_pjax=%23js-pjax-container
05-21 17:33 requests.packages.urllib3.connectionpool INFO     Starting new HTTPS connection (1): github.com
05-21 17:33 root         INFO     update cookie success
05-21 17:33 root         INFO     [fetching] https://github.com/search?o=desc&p=26&q=smtp+pass+mail&l=Python&s=indexed&type=Code&utf8=%E2%9C%93&_pjax=%23js-pjax-container
05-21 17:33 requests.packages.urllib3.connectionpool INFO     Starting new HTTPS connection (1): github.com
05-21 17:33 root         INFO     update cookie success
05-21 17:33 root         INFO     [fetching] https://github.com/search?o=desc&p=27&q=smtp+pass+mail&l=Python&s=indexed&type=Code&utf8=%E2%9C%93&_pjax=%23js-pjax-container
05-21 17:33 requests.packages.urllib3.connectionpool INFO     Starting new HTTPS connection (1): github.com
05-21 17:33 root         INFO     update cookie success
05-21 17:33 root         INFO     [fetching] https://github.com/search?o=desc&p=28&q=smtp+pass+mail&l=Python&s=indexed&type=Code&utf8=%E2%9C%93&_pjax=%23js-pjax-container
05-21 17:33 requests.packages.urllib3.connectionpool INFO     Starting new HTTPS connection (1): github.com
05-21 17:33 root         INFO     update cookie success
05-21 17:33 root         INFO     [fetching] https://github.com/search?o=desc&p=29&q=smtp+pass+mail&l=Python&s=indexed&type=Code&utf8=%E2%9C%93&_pjax=%23js-pjax-container
05-21 17:33 requests.packages.urllib3.connectionpool INFO     Starting new HTTPS connection (1): github.com
05-21 17:33 root         INFO     update cookie success
05-21 17:33 root         INFO     [fetching] https://github.com/search?o=desc&p=30&q=smtp+pass+mail&l=Python&s=indexed&type=Code&utf8=%E2%9C%93&_pjax=%23js-pjax-container
05-21 17:33 requests.packages.urllib3.connectionpool INFO     Starting new HTTPS connection (1): github.com
05-21 17:33 root         INFO     update cookie success
05-21 17:34 root         INFO     [fetching] https://github.com/search?o=desc&p=31&q=smtp+pass+mail&l=Python&s=indexed&type=Code&utf8=%E2%9C%93&_pjax=%23js-pjax-container
05-21 17:34 requests.packages.urllib3.connectionpool INFO     Starting new HTTPS connection (1): github.com
05-21 17:34 root         INFO     update cookie success
05-21 17:34 root         INFO     [fetching] https://github.com/search?o=desc&p=32&q=smtp+pass+mail&l=Python&s=indexed&type=Code&utf8=%E2%9C%93&_pjax=%23js-pjax-container
05-21 17:34 requests.packages.urllib3.connectionpool INFO     Starting new HTTPS connection (1): github.com
05-21 17:34 root         INFO     update cookie success
05-21 17:34 root         INFO     [fetching] https://github.com/search?o=desc&p=33&q=smtp+pass+mail&l=Python&s=indexed&type=Code&utf8=%E2%9C%93&_pjax=%23js-pjax-container
05-21 17:34 requests.packages.urllib3.connectionpool INFO     Starting new HTTPS connection (1): github.com
05-21 17:34 root         INFO     update cookie success
05-21 17:34 root         INFO     [fetching] https://github.com/search?o=desc&p=34&q=smtp+pass+mail&l=Python&s=indexed&type=Code&utf8=%E2%9C%93&_pjax=%23js-pjax-container
05-21 17:34 requests.packages.urllib3.connectionpool INFO     Starting new HTTPS connection (1): github.com
05-21 17:34 root         INFO     update cookie success
05-21 17:34 root         INFO     [fetching] https://github.com/search?o=desc&p=35&q=smtp+pass+mail&l=Python&s=indexed&type=Code&utf8=%E2%9C%93&_pjax=%23js-pjax-container
05-21 17:34 requests.packages.urllib3.connectionpool INFO     Starting new HTTPS connection (1): github.com
05-21 17:34 root         INFO     update cookie success
05-21 17:34 root         INFO     [fetching] https://github.com/search?o=desc&p=36&q=smtp+pass+mail&l=Python&s=indexed&type=Code&utf8=%E2%9C%93&_pjax=%23js-pjax-container
05-21 17:34 requests.packages.urllib3.connectionpool INFO     Starting new HTTPS connection (1): github.com
05-21 17:34 root         INFO     update cookie success
05-21 17:34 root         INFO     [fetching] https://github.com/search?o=desc&p=37&q=smtp+pass+mail&l=Python&s=indexed&type=Code&utf8=%E2%9C%93&_pjax=%23js-pjax-container
05-21 17:34 requests.packages.urllib3.connectionpool INFO     Starting new HTTPS connection (1): github.com
05-21 17:34 root         INFO     update cookie success
05-21 17:34 root         INFO     [fetching] https://github.com/search?o=desc&p=38&q=smtp+pass+mail&l=Python&s=indexed&type=Code&utf8=%E2%9C%93&_pjax=%23js-pjax-container
05-21 17:34 requests.packages.urllib3.connectionpool INFO     Starting new HTTPS connection (1): github.com
05-21 17:34 root         INFO     update cookie success
05-21 17:34 root         INFO     [fetching] https://github.com/search?o=desc&p=39&q=smtp+pass+mail&l=Python&s=indexed&type=Code&utf8=%E2%9C%93&_pjax=%23js-pjax-container
05-21 17:34 requests.packages.urllib3.connectionpool INFO     Starting new HTTPS connection (1): github.com
05-21 17:34 root         INFO     update cookie success
05-21 17:34 root         INFO     [fetching] https://github.com/search?o=desc&p=40&q=smtp+pass+mail&l=Python&s=indexed&type=Code&utf8=%E2%9C%93&_pjax=%23js-pjax-container
05-21 17:34 requests.packages.urllib3.connectionpool INFO     Starting new HTTPS connection (1): github.com
05-21 17:34 root         INFO     update cookie success
05-21 17:35 root         INFO     [fetching] https://github.com/search?o=desc&p=41&q=smtp+pass+mail&l=Python&s=indexed&type=Code&utf8=%E2%9C%93&_pjax=%23js-pjax-container
05-21 17:35 requests.packages.urllib3.connectionpool INFO     Starting new HTTPS connection (1): github.com
05-21 17:35 root         INFO     update cookie success
05-21 17:35 root         INFO     [fetching] https://github.com/search?o=desc&p=42&q=smtp+pass+mail&l=Python&s=indexed&type=Code&utf8=%E2%9C%93&_pjax=%23js-pjax-container
05-21 17:35 requests.packages.urllib3.connectionpool INFO     Starting new HTTPS connection (1): github.com
05-21 17:35 root         INFO     update cookie success
05-21 17:35 root         INFO     [fetching] https://github.com/search?o=desc&p=43&q=smtp+pass+mail&l=Python&s=indexed&type=Code&utf8=%E2%9C%93&_pjax=%23js-pjax-container
05-21 17:35 requests.packages.urllib3.connectionpool INFO     Starting new HTTPS connection (1): github.com
05-21 17:35 root         INFO     update cookie success
05-21 17:35 root         INFO     [fetching] https://github.com/search?o=desc&p=44&q=smtp+pass+mail&l=Python&s=indexed&type=Code&utf8=%E2%9C%93&_pjax=%23js-pjax-container
05-21 17:35 requests.packages.urllib3.connectionpool INFO     Starting new HTTPS connection (1): github.com
05-21 17:35 root         INFO     update cookie success
05-21 17:35 root         INFO     [fetching] https://github.com/search?o=desc&p=45&q=smtp+pass+mail&l=Python&s=indexed&type=Code&utf8=%E2%9C%93&_pjax=%23js-pjax-container
05-21 17:35 requests.packages.urllib3.connectionpool INFO     Starting new HTTPS connection (1): github.com
05-21 17:35 root         INFO     update cookie success
05-21 17:35 root         INFO     [fetching] https://github.com/search?o=desc&p=46&q=smtp+pass+mail&l=Python&s=indexed&type=Code&utf8=%E2%9C%93&_pjax=%23js-pjax-container
05-21 17:35 requests.packages.urllib3.connectionpool INFO     Starting new HTTPS connection (1): github.com
05-21 17:35 root         INFO     update cookie success
05-21 17:35 root         INFO     [fetching] https://github.com/search?o=desc&p=47&q=smtp+pass+mail&l=Python&s=indexed&type=Code&utf8=%E2%9C%93&_pjax=%23js-pjax-container
05-21 17:35 requests.packages.urllib3.connectionpool INFO     Starting new HTTPS connection (1): github.com
05-21 17:35 root         INFO     update cookie success
05-21 17:35 root         INFO     [fetching] https://github.com/search?o=desc&p=48&q=smtp+pass+mail&l=Python&s=indexed&type=Code&utf8=%E2%9C%93&_pjax=%23js-pjax-container
05-21 17:35 requests.packages.urllib3.connectionpool INFO     Starting new HTTPS connection (1): github.com
05-21 17:35 root         INFO     update cookie success
05-21 17:35 root         INFO     [fetching] https://github.com/search?o=desc&p=49&q=smtp+pass+mail&l=Python&s=indexed&type=Code&utf8=%E2%9C%93&_pjax=%23js-pjax-container
05-21 17:35 requests.packages.urllib3.connectionpool INFO     Starting new HTTPS connection (1): github.com
05-21 17:35 root         INFO     update cookie success
05-21 17:36 root         INFO     [fetching] https://github.com/search?o=desc&p=50&q=smtp+pass+mail&l=Python&s=indexed&type=Code&utf8=%E2%9C%93&_pjax=%23js-pjax-container
05-21 17:36 requests.packages.urllib3.connectionpool INFO     Starting new HTTPS connection (1): github.com
05-21 17:36 root         INFO     update cookie success
05-21 17:36 root         INFO     [fetching] https://github.com/search?o=desc&p=51&q=smtp+pass+mail&l=Python&s=indexed&type=Code&utf8=%E2%9C%93&_pjax=%23js-pjax-container
05-21 17:36 requests.packages.urllib3.connectionpool INFO     Starting new HTTPS connection (1): github.com
05-21 17:36 root         INFO     update cookie success
05-21 17:36 root         INFO     [fetching] https://github.com/search?o=desc&p=52&q=smtp+pass+mail&l=Python&s=indexed&type=Code&utf8=%E2%9C%93&_pjax=%23js-pjax-container
05-21 17:36 requests.packages.urllib3.connectionpool INFO     Starting new HTTPS connection (1): github.com
05-21 17:36 root         INFO     update cookie success
05-21 17:36 root         INFO     [fetching] https://github.com/search?o=desc&p=53&q=smtp+pass+mail&l=Python&s=indexed&type=Code&utf8=%E2%9C%93&_pjax=%23js-pjax-container
05-21 17:36 requests.packages.urllib3.connectionpool INFO     Starting new HTTPS connection (1): github.com
05-21 17:36 root         INFO     update cookie success
05-21 17:36 root         INFO     [fetching] https://github.com/search?o=desc&p=54&q=smtp+pass+mail&l=Python&s=indexed&type=Code&utf8=%E2%9C%93&_pjax=%23js-pjax-container
05-21 17:36 requests.packages.urllib3.connectionpool INFO     Starting new HTTPS connection (1): github.com
05-21 17:36 root         INFO     update cookie success
05-21 17:36 root         INFO     [fetching] https://github.com/search?o=desc&p=55&q=smtp+pass+mail&l=Python&s=indexed&type=Code&utf8=%E2%9C%93&_pjax=%23js-pjax-container
05-21 17:36 requests.packages.urllib3.connectionpool INFO     Starting new HTTPS connection (1): github.com
05-21 17:36 root         INFO     update cookie success
05-21 17:36 root         INFO     [fetching] https://github.com/search?o=desc&p=56&q=smtp+pass+mail&l=Python&s=indexed&type=Code&utf8=%E2%9C%93&_pjax=%23js-pjax-container
05-21 17:36 requests.packages.urllib3.connectionpool INFO     Starting new HTTPS connection (1): github.com
05-21 17:37 root         INFO     update cookie success
05-21 17:37 root         INFO     [fetching] https://github.com/search?o=desc&p=57&q=smtp+pass+mail&l=Python&s=indexed&type=Code&utf8=%E2%9C%93&_pjax=%23js-pjax-container
05-21 17:37 requests.packages.urllib3.connectionpool INFO     Starting new HTTPS connection (1): github.com
05-21 17:37 root         INFO     update cookie success
05-21 17:37 root         INFO     [fetching] https://github.com/search?o=desc&p=58&q=smtp+pass+mail&l=Python&s=indexed&type=Code&utf8=%E2%9C%93&_pjax=%23js-pjax-container
05-21 17:37 requests.packages.urllib3.connectionpool INFO     Starting new HTTPS connection (1): github.com
05-21 17:37 root         INFO     update cookie success
05-21 17:37 root         INFO     [fetching] https://github.com/search?o=desc&p=59&q=smtp+pass+mail&l=Python&s=indexed&type=Code&utf8=%E2%9C%93&_pjax=%23js-pjax-container
05-21 17:37 requests.packages.urllib3.connectionpool INFO     Starting new HTTPS connection (1): github.com
05-21 17:37 root         INFO     update cookie success
05-21 17:37 root         INFO     [fetching] https://github.com/search?o=desc&p=60&q=smtp+pass+mail&l=Python&s=indexed&type=Code&utf8=%E2%9C%93&_pjax=%23js-pjax-container
05-21 17:37 requests.packages.urllib3.connectionpool INFO     Starting new HTTPS connection (1): github.com
05-21 17:37 root         INFO     update cookie success
05-21 17:37 root         INFO     [fetching] https://github.com/search?o=desc&p=61&q=smtp+pass+mail&l=Python&s=indexed&type=Code&utf8=%E2%9C%93&_pjax=%23js-pjax-container
05-21 17:37 requests.packages.urllib3.connectionpool INFO     Starting new HTTPS connection (1): github.com
05-21 17:37 root         INFO     update cookie success
05-21 17:37 root         INFO     [fetching] https://github.com/search?o=desc&p=62&q=smtp+pass+mail&l=Python&s=indexed&type=Code&utf8=%E2%9C%93&_pjax=%23js-pjax-container
05-21 17:37 requests.packages.urllib3.connectionpool INFO     Starting new HTTPS connection (1): github.com
05-21 17:37 root         INFO     update cookie success
05-21 17:37 root         INFO     [fetching] https://github.com/search?o=desc&p=63&q=smtp+pass+mail&l=Python&s=indexed&type=Code&utf8=%E2%9C%93&_pjax=%23js-pjax-container
05-21 17:37 requests.packages.urllib3.connectionpool INFO     Starting new HTTPS connection (1): github.com
05-21 17:37 root         INFO     update cookie success
05-21 17:37 root         INFO     [fetching] https://github.com/search?o=desc&p=64&q=smtp+pass+mail&l=Python&s=indexed&type=Code&utf8=%E2%9C%93&_pjax=%23js-pjax-container
05-21 17:37 requests.packages.urllib3.connectionpool INFO     Starting new HTTPS connection (1): github.com
05-21 17:37 root         INFO     update cookie success
05-21 17:37 root         INFO     [fetching] https://github.com/search?o=desc&p=65&q=smtp+pass+mail&l=Python&s=indexed&type=Code&utf8=%E2%9C%93&_pjax=%23js-pjax-container
05-21 17:37 requests.packages.urllib3.connectionpool INFO     Starting new HTTPS connection (1): github.com
05-21 17:37 root         INFO     update cookie success
05-21 17:38 root         INFO     [fetching] https://github.com/search?o=desc&p=66&q=smtp+pass+mail&l=Python&s=indexed&type=Code&utf8=%E2%9C%93&_pjax=%23js-pjax-container
05-21 17:38 requests.packages.urllib3.connectionpool INFO     Starting new HTTPS connection (1): github.com
05-21 17:38 root         INFO     update cookie success
05-21 17:38 root         INFO     [fetching] https://github.com/search?o=desc&p=67&q=smtp+pass+mail&l=Python&s=indexed&type=Code&utf8=%E2%9C%93&_pjax=%23js-pjax-container
05-21 17:38 requests.packages.urllib3.connectionpool INFO     Starting new HTTPS connection (1): github.com
05-21 17:38 root         INFO     update cookie success
05-21 17:38 root         INFO     [fetching] https://github.com/search?o=desc&p=68&q=smtp+pass+mail&l=Python&s=indexed&type=Code&utf8=%E2%9C%93&_pjax=%23js-pjax-container
05-21 17:38 requests.packages.urllib3.connectionpool INFO     Starting new HTTPS connection (1): github.com
05-21 17:38 root         INFO     update cookie success
05-21 17:38 root         INFO     [fetching] https://github.com/search?o=desc&p=69&q=smtp+pass+mail&l=Python&s=indexed&type=Code&utf8=%E2%9C%93&_pjax=%23js-pjax-container
05-21 17:38 requests.packages.urllib3.connectionpool INFO     Starting new HTTPS connection (1): github.com
05-21 17:38 root         INFO     update cookie success
05-21 17:38 root         INFO     [fetching] https://github.com/search?o=desc&p=70&q=smtp+pass+mail&l=Python&s=indexed&type=Code&utf8=%E2%9C%93&_pjax=%23js-pjax-container
05-21 17:38 requests.packages.urllib3.connectionpool INFO     Starting new HTTPS connection (1): github.com
05-21 17:38 root         INFO     update cookie success
05-21 17:38 root         INFO     [fetching] https://github.com/search?o=desc&p=71&q=smtp+pass+mail&l=Python&s=indexed&type=Code&utf8=%E2%9C%93&_pjax=%23js-pjax-container
05-21 17:38 requests.packages.urllib3.connectionpool INFO     Starting new HTTPS connection (1): github.com
05-21 17:38 root         INFO     update cookie success
05-21 17:38 root         INFO     [fetching] https://github.com/search?o=desc&p=72&q=smtp+pass+mail&l=Python&s=indexed&type=Code&utf8=%E2%9C%93&_pjax=%23js-pjax-container
05-21 17:38 requests.packages.urllib3.connectionpool INFO     Starting new HTTPS connection (1): github.com
05-21 17:38 root         INFO     update cookie success
05-21 17:38 root         INFO     [fetching] https://github.com/search?o=desc&p=73&q=smtp+pass+mail&l=Python&s=indexed&type=Code&utf8=%E2%9C%93&_pjax=%23js-pjax-container
05-21 17:38 requests.packages.urllib3.connectionpool INFO     Starting new HTTPS connection (1): github.com
05-21 17:38 root         INFO     update cookie success
05-21 17:38 root         INFO     [fetching] https://github.com/search?o=desc&p=74&q=smtp+pass+mail&l=Python&s=indexed&type=Code&utf8=%E2%9C%93&_pjax=%23js-pjax-container
05-21 17:38 requests.packages.urllib3.connectionpool INFO     Starting new HTTPS connection (1): github.com
05-21 17:38 root         INFO     update cookie success
05-21 17:38 root         INFO     [fetching] https://github.com/search?o=desc&p=75&q=smtp+pass+mail&l=Python&s=indexed&type=Code&utf8=%E2%9C%93&_pjax=%23js-pjax-container
05-21 17:38 requests.packages.urllib3.connectionpool INFO     Starting new HTTPS connection (1): github.com
05-21 17:38 root         INFO     update cookie success
05-21 17:38 root         INFO     [fetching] https://github.com/search?o=desc&p=76&q=smtp+pass+mail&l=Python&s=indexed&type=Code&utf8=%E2%9C%93&_pjax=%23js-pjax-container
05-21 17:38 requests.packages.urllib3.connectionpool INFO     Starting new HTTPS connection (1): github.com
05-21 17:39 root         INFO     update cookie success
05-21 17:39 root         INFO     [fetching] https://github.com/search?o=desc&p=77&q=smtp+pass+mail&l=Python&s=indexed&type=Code&utf8=%E2%9C%93&_pjax=%23js-pjax-container
05-21 17:39 requests.packages.urllib3.connectionpool INFO     Starting new HTTPS connection (1): github.com
05-21 17:39 root         INFO     update cookie success
05-21 17:39 root         INFO     [fetching] https://github.com/search?o=desc&p=78&q=smtp+pass+mail&l=Python&s=indexed&type=Code&utf8=%E2%9C%93&_pjax=%23js-pjax-container
05-21 17:39 requests.packages.urllib3.connectionpool INFO     Starting new HTTPS connection (1): github.com
05-21 17:39 root         INFO     update cookie success
05-21 17:39 root         INFO     [fetching] https://github.com/search?o=desc&p=79&q=smtp+pass+mail&l=Python&s=indexed&type=Code&utf8=%E2%9C%93&_pjax=%23js-pjax-container
05-21 17:39 requests.packages.urllib3.connectionpool INFO     Starting new HTTPS connection (1): github.com
05-21 17:39 root         INFO     update cookie success
05-21 17:39 root         INFO     [fetching] https://github.com/search?o=desc&p=1&q=smtp+pass+mail&l=PHP&s=indexed&type=Code&utf8=%E2%9C%93&_pjax=%23js-pjax-container
05-21 17:39 requests.packages.urllib3.connectionpool INFO     Starting new HTTPS connection (1): github.com
05-21 17:39 root         INFO     update cookie success
05-21 17:39 root         INFO     [fetching] https://github.com/search?o=desc&p=2&q=smtp+pass+mail&l=PHP&s=indexed&type=Code&utf8=%E2%9C%93&_pjax=%23js-pjax-container
05-21 17:39 requests.packages.urllib3.connectionpool INFO     Starting new HTTPS connection (1): github.com
05-21 17:39 root         INFO     update cookie success
05-21 17:39 root         INFO     [fetching] https://github.com/search?o=desc&p=3&q=smtp+pass+mail&l=PHP&s=indexed&type=Code&utf8=%E2%9C%93&_pjax=%23js-pjax-container
05-21 17:39 requests.packages.urllib3.connectionpool INFO     Starting new HTTPS connection (1): github.com
05-21 17:39 root         INFO     update cookie success
05-21 17:39 root         INFO     [fetching] https://github.com/search?o=desc&p=4&q=smtp+pass+mail&l=PHP&s=indexed&type=Code&utf8=%E2%9C%93&_pjax=%23js-pjax-container
05-21 17:39 requests.packages.urllib3.connectionpool INFO     Starting new HTTPS connection (1): github.com
05-21 17:39 root         INFO     update cookie success
05-21 17:39 root         INFO     [fetching] https://github.com/search?o=desc&p=5&q=smtp+pass+mail&l=PHP&s=indexed&type=Code&utf8=%E2%9C%93&_pjax=%23js-pjax-container
05-21 17:39 requests.packages.urllib3.connectionpool INFO     Starting new HTTPS connection (1): github.com
05-21 17:39 root         INFO     update cookie success
05-21 17:39 root         INFO     [fetching] https://github.com/search?o=desc&p=6&q=smtp+pass+mail&l=PHP&s=indexed&type=Code&utf8=%E2%9C%93&_pjax=%23js-pjax-container
05-21 17:39 requests.packages.urllib3.connectionpool INFO     Starting new HTTPS connection (1): github.com
05-21 17:40 root         INFO     update cookie success
05-21 17:40 root         INFO     [fetching] https://github.com/search?o=desc&p=7&q=smtp+pass+mail&l=PHP&s=indexed&type=Code&utf8=%E2%9C%93&_pjax=%23js-pjax-container
05-21 17:40 requests.packages.urllib3.connectionpool INFO     Starting new HTTPS connection (1): github.com
05-21 17:40 root         INFO     update cookie success
05-21 17:40 root         INFO     [fetching] https://github.com/search?o=desc&p=8&q=smtp+pass+mail&l=PHP&s=indexed&type=Code&utf8=%E2%9C%93&_pjax=%23js-pjax-container
05-21 17:40 requests.packages.urllib3.connectionpool INFO     Starting new HTTPS connection (1): github.com
05-21 17:40 root         INFO     update cookie success
05-21 17:40 root         INFO     [fetching] https://github.com/search?o=desc&p=9&q=smtp+pass+mail&l=PHP&s=indexed&type=Code&utf8=%E2%9C%93&_pjax=%23js-pjax-container
05-21 17:40 requests.packages.urllib3.connectionpool INFO     Starting new HTTPS connection (1): github.com
05-21 17:40 root         INFO     update cookie success
05-21 17:40 root         INFO     [fetching] https://github.com/search?o=desc&p=10&q=smtp+pass+mail&l=PHP&s=indexed&type=Code&utf8=%E2%9C%93&_pjax=%23js-pjax-container
05-21 17:40 requests.packages.urllib3.connectionpool INFO     Starting new HTTPS connection (1): github.com
05-21 17:40 root         INFO     update cookie success
05-21 17:40 root         INFO     [fetching] https://github.com/search?o=desc&p=11&q=smtp+pass+mail&l=PHP&s=indexed&type=Code&utf8=%E2%9C%93&_pjax=%23js-pjax-container
05-21 17:40 requests.packages.urllib3.connectionpool INFO     Starting new HTTPS connection (1): github.com
05-21 17:40 root         INFO     update cookie success
05-21 17:40 root         INFO     [fetching] https://github.com/search?o=desc&p=12&q=smtp+pass+mail&l=PHP&s=indexed&type=Code&utf8=%E2%9C%93&_pjax=%23js-pjax-container
05-21 17:40 requests.packages.urllib3.connectionpool INFO     Starting new HTTPS connection (1): github.com
05-21 17:40 root         INFO     update cookie success
05-21 17:40 root         INFO     [fetching] https://github.com/search?o=desc&p=13&q=smtp+pass+mail&l=PHP&s=indexed&type=Code&utf8=%E2%9C%93&_pjax=%23js-pjax-container
05-21 17:40 requests.packages.urllib3.connectionpool INFO     Starting new HTTPS connection (1): github.com
05-21 17:40 root         INFO     update cookie success
05-21 17:40 root         INFO     [fetching] https://github.com/search?o=desc&p=14&q=smtp+pass+mail&l=PHP&s=indexed&type=Code&utf8=%E2%9C%93&_pjax=%23js-pjax-container
05-21 17:40 requests.packages.urllib3.connectionpool INFO     Starting new HTTPS connection (1): github.com
05-21 17:40 root         INFO     update cookie success
05-21 17:40 root         INFO     [fetching] https://github.com/search?o=desc&p=15&q=smtp+pass+mail&l=PHP&s=indexed&type=Code&utf8=%E2%9C%93&_pjax=%23js-pjax-container
05-21 17:40 requests.packages.urllib3.connectionpool INFO     Starting new HTTPS connection (1): github.com
05-21 17:40 root         INFO     update cookie success
05-21 17:40 root         INFO     [fetching] https://github.com/search?o=desc&p=16&q=smtp+pass+mail&l=PHP&s=indexed&type=Code&utf8=%E2%9C%93&_pjax=%23js-pjax-container
05-21 17:40 requests.packages.urllib3.connectionpool INFO     Starting new HTTPS connection (1): github.com
05-21 17:40 root         INFO     update cookie success
05-21 17:41 root         INFO     [fetching] https://github.com/search?o=desc&p=17&q=smtp+pass+mail&l=PHP&s=indexed&type=Code&utf8=%E2%9C%93&_pjax=%23js-pjax-container
05-21 17:41 requests.packages.urllib3.connectionpool INFO     Starting new HTTPS connection (1): github.com
05-21 17:41 root         INFO     update cookie success
05-21 17:41 root         INFO     [fetching] https://github.com/search?o=desc&p=18&q=smtp+pass+mail&l=PHP&s=indexed&type=Code&utf8=%E2%9C%93&_pjax=%23js-pjax-container
05-21 17:41 requests.packages.urllib3.connectionpool INFO     Starting new HTTPS connection (1): github.com
05-21 17:41 root         INFO     update cookie success
05-21 17:41 root         INFO     [fetching] https://github.com/search?o=desc&p=19&q=smtp+pass+mail&l=PHP&s=indexed&type=Code&utf8=%E2%9C%93&_pjax=%23js-pjax-container
05-21 17:41 requests.packages.urllib3.connectionpool INFO     Starting new HTTPS connection (1): github.com
05-21 17:41 root         INFO     update cookie success
05-21 17:41 root         INFO     [fetching] https://github.com/search?o=desc&p=20&q=smtp+pass+mail&l=PHP&s=indexed&type=Code&utf8=%E2%9C%93&_pjax=%23js-pjax-container
05-21 17:41 requests.packages.urllib3.connectionpool INFO     Starting new HTTPS connection (1): github.com
05-21 17:41 root         INFO     update cookie success
05-21 17:41 root         INFO     [fetching] https://github.com/search?o=desc&p=21&q=smtp+pass+mail&l=PHP&s=indexed&type=Code&utf8=%E2%9C%93&_pjax=%23js-pjax-container
05-21 17:41 requests.packages.urllib3.connectionpool INFO     Starting new HTTPS connection (1): github.com
05-21 17:41 root         INFO     update cookie success
05-21 17:41 root         INFO     [fetching] https://github.com/search?o=desc&p=22&q=smtp+pass+mail&l=PHP&s=indexed&type=Code&utf8=%E2%9C%93&_pjax=%23js-pjax-container
05-21 17:41 requests.packages.urllib3.connectionpool INFO     Starting new HTTPS connection (1): github.com
05-21 17:41 root         INFO     update cookie success
05-21 17:41 root         INFO     [fetching] https://github.com/search?o=desc&p=23&q=smtp+pass+mail&l=PHP&s=indexed&type=Code&utf8=%E2%9C%93&_pjax=%23js-pjax-container
05-21 17:41 requests.packages.urllib3.connectionpool INFO     Starting new HTTPS connection (1): github.com
05-21 17:41 root         INFO     update cookie success
05-21 17:41 root         INFO     [fetching] https://github.com/search?o=desc&p=24&q=smtp+pass+mail&l=PHP&s=indexed&type=Code&utf8=%E2%9C%93&_pjax=%23js-pjax-container
05-21 17:41 requests.packages.urllib3.connectionpool INFO     Starting new HTTPS connection (1): github.com
05-21 17:41 root         INFO     update cookie success
05-21 17:41 root         INFO     [fetching] https://github.com/search?o=desc&p=25&q=smtp+pass+mail&l=PHP&s=indexed&type=Code&utf8=%E2%9C%93&_pjax=%23js-pjax-container
05-21 17:41 requests.packages.urllib3.connectionpool INFO     Starting new HTTPS connection (1): github.com
05-21 17:42 root         INFO     update cookie success
05-21 17:42 root         INFO     [fetching] https://github.com/search?o=desc&p=26&q=smtp+pass+mail&l=PHP&s=indexed&type=Code&utf8=%E2%9C%93&_pjax=%23js-pjax-container
05-21 17:42 requests.packages.urllib3.connectionpool INFO     Starting new HTTPS connection (1): github.com
05-21 17:42 root         INFO     update cookie success
05-21 17:42 root         INFO     [fetching] https://github.com/search?o=desc&p=27&q=smtp+pass+mail&l=PHP&s=indexed&type=Code&utf8=%E2%9C%93&_pjax=%23js-pjax-container
05-21 17:42 requests.packages.urllib3.connectionpool INFO     Starting new HTTPS connection (1): github.com
05-21 17:42 root         INFO     update cookie success
05-21 17:42 root         INFO     [fetching] https://github.com/search?o=desc&p=28&q=smtp+pass+mail&l=PHP&s=indexed&type=Code&utf8=%E2%9C%93&_pjax=%23js-pjax-container
05-21 17:42 requests.packages.urllib3.connectionpool INFO     Starting new HTTPS connection (1): github.com
05-21 17:42 root         INFO     update cookie success
05-21 17:42 root         INFO     [fetching] https://github.com/search?o=desc&p=29&q=smtp+pass+mail&l=PHP&s=indexed&type=Code&utf8=%E2%9C%93&_pjax=%23js-pjax-container
05-21 17:42 requests.packages.urllib3.connectionpool INFO     Starting new HTTPS connection (1): github.com
05-21 17:42 root         INFO     update cookie success
05-21 17:42 root         INFO     [fetching] https://github.com/search?o=desc&p=30&q=smtp+pass+mail&l=PHP&s=indexed&type=Code&utf8=%E2%9C%93&_pjax=%23js-pjax-container
05-21 17:42 requests.packages.urllib3.connectionpool INFO     Starting new HTTPS connection (1): github.com
05-21 17:42 root         INFO     update cookie success
05-21 17:42 root         INFO     [fetching] https://github.com/search?o=desc&p=31&q=smtp+pass+mail&l=PHP&s=indexed&type=Code&utf8=%E2%9C%93&_pjax=%23js-pjax-container
05-21 17:42 requests.packages.urllib3.connectionpool INFO     Starting new HTTPS connection (1): github.com
05-21 17:42 root         INFO     update cookie success
05-21 17:42 root         INFO     [fetching] https://github.com/search?o=desc&p=32&q=smtp+pass+mail&l=PHP&s=indexed&type=Code&utf8=%E2%9C%93&_pjax=%23js-pjax-container
05-21 17:42 requests.packages.urllib3.connectionpool INFO     Starting new HTTPS connection (1): github.com
05-21 17:42 root         INFO     update cookie success
05-21 17:42 root         INFO     [fetching] https://github.com/search?o=desc&p=33&q=smtp+pass+mail&l=PHP&s=indexed&type=Code&utf8=%E2%9C%93&_pjax=%23js-pjax-container
05-21 17:42 requests.packages.urllib3.connectionpool INFO     Starting new HTTPS connection (1): github.com
05-21 17:42 root         INFO     update cookie success
05-21 17:42 root         INFO     [fetching] https://github.com/search?o=desc&p=34&q=smtp+pass+mail&l=PHP&s=indexed&type=Code&utf8=%E2%9C%93&_pjax=%23js-pjax-container
05-21 17:42 requests.packages.urllib3.connectionpool INFO     Starting new HTTPS connection (1): github.com
05-21 17:42 root         INFO     update cookie success
05-21 17:42 root         INFO     [fetching] https://github.com/search?o=desc&p=35&q=smtp+pass+mail&l=PHP&s=indexed&type=Code&utf8=%E2%9C%93&_pjax=%23js-pjax-container
05-21 17:42 requests.packages.urllib3.connectionpool INFO     Starting new HTTPS connection (1): github.com
05-21 17:42 root         INFO     update cookie success
05-21 17:42 root         INFO     [fetching] https://github.com/search?o=desc&p=36&q=smtp+pass+mail&l=PHP&s=indexed&type=Code&utf8=%E2%9C%93&_pjax=%23js-pjax-container
05-21 17:42 requests.packages.urllib3.connectionpool INFO     Starting new HTTPS connection (1): github.com
05-21 17:43 root         INFO     update cookie success
05-21 17:43 root         INFO     [fetching] https://github.com/search?o=desc&p=37&q=smtp+pass+mail&l=PHP&s=indexed&type=Code&utf8=%E2%9C%93&_pjax=%23js-pjax-container
05-21 17:43 requests.packages.urllib3.connectionpool INFO     Starting new HTTPS connection (1): github.com
05-21 17:43 root         INFO     [-][Error] Line 145.	ReadTimeout(ReadTimeoutError("HTTPSConnectionPool(host='github.com', port=443): Read timed out. (read timeout=20)",),)
05-21 17:43 root         INFO     [fetching] https://github.com/search?o=desc&p=38&q=smtp+pass+mail&l=PHP&s=indexed&type=Code&utf8=%E2%9C%93&_pjax=%23js-pjax-container
05-21 17:43 requests.packages.urllib3.connectionpool INFO     Starting new HTTPS connection (1): github.com
05-21 17:43 root         INFO     [-][Error] Line 145.	ConnectionError(MaxRetryError("HTTPSConnectionPool(host='github.com', port=443): Max retries exceeded with url: /search?o=desc&p=38&q=smtp+pass+mail&l=PHP&s=indexed&type=Code&utf8=%E2%9C%93&_pjax=%23js-pjax-container (Caused by NewConnectionError('<requests.packages.urllib3.connection.VerifiedHTTPSConnection object at 0x39f10d0>: Failed to establish a new connection: [Errno 110] Connection timed out',))",),)
05-21 17:43 root         INFO     [fetching] https://github.com/search?o=desc&p=39&q=smtp+pass+mail&l=PHP&s=indexed&type=Code&utf8=%E2%9C%93&_pjax=%23js-pjax-container
05-21 17:43 requests.packages.urllib3.connectionpool INFO     Starting new HTTPS connection (1): github.com
05-21 17:43 root         INFO     [-][Error] Line 145.	ConnectionError(MaxRetryError("HTTPSConnectionPool(host='github.com', port=443): Max retries exceeded with url: /search?o=desc&p=39&q=smtp+pass+mail&l=PHP&s=indexed&type=Code&utf8=%E2%9C%93&_pjax=%23js-pjax-container (Caused by NewConnectionError('<requests.packages.urllib3.connection.VerifiedHTTPSConnection object at 0x39f1190>: Failed to establish a new connection: [Errno 110] Connection timed out',))",),)
05-21 17:43 root         INFO     [fetching] https://github.com/search?o=desc&p=40&q=smtp+pass+mail&l=PHP&s=indexed&type=Code&utf8=%E2%9C%93&_pjax=%23js-pjax-container
05-21 17:43 requests.packages.urllib3.connectionpool INFO     Starting new HTTPS connection (1): github.com
05-21 17:43 root         INFO     [-][Error] Line 145.	ConnectionError(MaxRetryError("HTTPSConnectionPool(host='github.com', port=443): Max retries exceeded with url: /search?o=desc&p=40&q=smtp+pass+mail&l=PHP&s=indexed&type=Code&utf8=%E2%9C%93&_pjax=%23js-pjax-container (Caused by NewConnectionError('<requests.packages.urllib3.connection.VerifiedHTTPSConnection object at 0x39f1250>: Failed to establish a new connection: [Errno 110] Connection timed out',))",),)
05-21 17:43 root         INFO     [fetching] https://github.com/search?o=desc&p=41&q=smtp+pass+mail&l=PHP&s=indexed&type=Code&utf8=%E2%9C%93&_pjax=%23js-pjax-container
05-21 17:43 requests.packages.urllib3.connectionpool INFO     Starting new HTTPS connection (1): github.com
05-21 17:44 root         INFO     [-][Error] Line 145.	ConnectionError(MaxRetryError("HTTPSConnectionPool(host='github.com', port=443): Max retries exceeded with url: /search?o=desc&p=41&q=smtp+pass+mail&l=PHP&s=indexed&type=Code&utf8=%E2%9C%93&_pjax=%23js-pjax-container (Caused by NewConnectionError('<requests.packages.urllib3.connection.VerifiedHTTPSConnection object at 0x39f12d0>: Failed to establish a new connection: [Errno 110] Connection timed out',))",),)
05-21 17:44 root         INFO     [fetching] https://github.com/search?o=desc&p=42&q=smtp+pass+mail&l=PHP&s=indexed&type=Code&utf8=%E2%9C%93&_pjax=%23js-pjax-container
05-21 17:44 requests.packages.urllib3.connectionpool INFO     Starting new HTTPS connection (1): github.com
05-21 17:44 root         INFO     [-][Error] Line 145.	ConnectionError(MaxRetryError("HTTPSConnectionPool(host='github.com', port=443): Max retries exceeded with url: /search?o=desc&p=42&q=smtp+pass+mail&l=PHP&s=indexed&type=Code&utf8=%E2%9C%93&_pjax=%23js-pjax-container (Caused by NewConnectionError('<requests.packages.urllib3.connection.VerifiedHTTPSConnection object at 0x39f1290>: Failed to establish a new connection: [Errno 110] Connection timed out',))",),)
05-21 17:44 root         INFO     [fetching] https://github.com/search?o=desc&p=43&q=smtp+pass+mail&l=PHP&s=indexed&type=Code&utf8=%E2%9C%93&_pjax=%23js-pjax-container
05-21 17:44 requests.packages.urllib3.connectionpool INFO     Starting new HTTPS connection (1): github.com
05-21 17:44 root         INFO     update cookie success
05-21 17:44 root         INFO     [fetching] https://github.com/search?o=desc&p=44&q=smtp+pass+mail&l=PHP&s=indexed&type=Code&utf8=%E2%9C%93&_pjax=%23js-pjax-container
05-21 17:44 requests.packages.urllib3.connectionpool INFO     Starting new HTTPS connection (1): github.com
05-21 17:44 root         INFO     update cookie success
05-21 17:44 root         INFO     [fetching] https://github.com/search?o=desc&p=45&q=smtp+pass+mail&l=PHP&s=indexed&type=Code&utf8=%E2%9C%93&_pjax=%23js-pjax-container
05-21 17:44 requests.packages.urllib3.connectionpool INFO     Starting new HTTPS connection (1): github.com
05-21 17:44 root         INFO     update cookie success
05-21 17:44 root         INFO     [fetching] https://github.com/search?o=desc&p=46&q=smtp+pass+mail&l=PHP&s=indexed&type=Code&utf8=%E2%9C%93&_pjax=%23js-pjax-container
05-21 17:44 requests.packages.urllib3.connectionpool INFO     Starting new HTTPS connection (1): github.com
05-21 17:44 root         INFO     update cookie success
05-21 17:44 root         INFO     [fetching] https://github.com/search?o=desc&p=47&q=smtp+pass+mail&l=PHP&s=indexed&type=Code&utf8=%E2%9C%93&_pjax=%23js-pjax-container
05-21 17:44 requests.packages.urllib3.connectionpool INFO     Starting new HTTPS connection (1): github.com
05-21 17:44 root         INFO     update cookie success
05-21 17:44 root         INFO     [fetching] https://github.com/search?o=desc&p=48&q=smtp+pass+mail&l=PHP&s=indexed&type=Code&utf8=%E2%9C%93&_pjax=%23js-pjax-container
05-21 17:44 requests.packages.urllib3.connectionpool INFO     Starting new HTTPS connection (1): github.com
05-21 17:44 root         INFO     update cookie success
05-21 17:44 root         INFO     [fetching] https://github.com/search?o=desc&p=49&q=smtp+pass+mail&l=PHP&s=indexed&type=Code&utf8=%E2%9C%93&_pjax=%23js-pjax-container
05-21 17:44 requests.packages.urllib3.connectionpool INFO     Starting new HTTPS connection (1): github.com
05-21 17:44 root         INFO     update cookie success
05-21 17:44 root         INFO     [fetching] https://github.com/search?o=desc&p=50&q=smtp+pass+mail&l=PHP&s=indexed&type=Code&utf8=%E2%9C%93&_pjax=%23js-pjax-container
05-21 17:44 requests.packages.urllib3.connectionpool INFO     Starting new HTTPS connection (1): github.com
05-21 17:45 root         INFO     update cookie success
05-21 17:45 root         INFO     [fetching] https://github.com/search?o=desc&p=51&q=smtp+pass+mail&l=PHP&s=indexed&type=Code&utf8=%E2%9C%93&_pjax=%23js-pjax-container
05-21 17:45 requests.packages.urllib3.connectionpool INFO     Starting new HTTPS connection (1): github.com
05-21 17:45 root         INFO     update cookie success
05-21 17:45 root         INFO     [fetching] https://github.com/search?o=desc&p=52&q=smtp+pass+mail&l=PHP&s=indexed&type=Code&utf8=%E2%9C%93&_pjax=%23js-pjax-container
05-21 17:45 requests.packages.urllib3.connectionpool INFO     Starting new HTTPS connection (1): github.com
05-21 17:45 root         INFO     update cookie success
05-21 17:45 root         INFO     [fetching] https://github.com/search?o=desc&p=53&q=smtp+pass+mail&l=PHP&s=indexed&type=Code&utf8=%E2%9C%93&_pjax=%23js-pjax-container
05-21 17:45 requests.packages.urllib3.connectionpool INFO     Starting new HTTPS connection (1): github.com
05-21 17:45 root         INFO     update cookie success
05-21 17:45 root         INFO     [fetching] https://github.com/search?o=desc&p=54&q=smtp+pass+mail&l=PHP&s=indexed&type=Code&utf8=%E2%9C%93&_pjax=%23js-pjax-container
05-21 17:45 requests.packages.urllib3.connectionpool INFO     Starting new HTTPS connection (1): github.com
05-21 17:45 root         INFO     update cookie success
05-21 17:45 root         INFO     [fetching] https://github.com/search?o=desc&p=55&q=smtp+pass+mail&l=PHP&s=indexed&type=Code&utf8=%E2%9C%93&_pjax=%23js-pjax-container
05-21 17:45 requests.packages.urllib3.connectionpool INFO     Starting new HTTPS connection (1): github.com
05-21 17:45 root         INFO     update cookie success
05-21 17:45 root         INFO     [fetching] https://github.com/search?o=desc&p=56&q=smtp+pass+mail&l=PHP&s=indexed&type=Code&utf8=%E2%9C%93&_pjax=%23js-pjax-container
05-21 17:45 requests.packages.urllib3.connectionpool INFO     Starting new HTTPS connection (1): github.com
05-21 17:45 root         INFO     update cookie success
05-21 17:45 root         INFO     [fetching] https://github.com/search?o=desc&p=57&q=smtp+pass+mail&l=PHP&s=indexed&type=Code&utf8=%E2%9C%93&_pjax=%23js-pjax-container
05-21 17:45 requests.packages.urllib3.connectionpool INFO     Starting new HTTPS connection (1): github.com
05-21 17:45 root         INFO     update cookie success
05-21 17:45 root         INFO     [fetching] https://github.com/search?o=desc&p=58&q=smtp+pass+mail&l=PHP&s=indexed&type=Code&utf8=%E2%9C%93&_pjax=%23js-pjax-container
05-21 17:45 requests.packages.urllib3.connectionpool INFO     Starting new HTTPS connection (1): github.com
05-21 17:45 root         INFO     update cookie success
05-21 17:45 root         INFO     [fetching] https://github.com/search?o=desc&p=59&q=smtp+pass+mail&l=PHP&s=indexed&type=Code&utf8=%E2%9C%93&_pjax=%23js-pjax-container
05-21 17:45 requests.packages.urllib3.connectionpool INFO     Starting new HTTPS connection (1): github.com
05-21 17:45 root         INFO     update cookie success
05-21 17:46 root         INFO     [fetching] https://github.com/search?o=desc&p=60&q=smtp+pass+mail&l=PHP&s=indexed&type=Code&utf8=%E2%9C%93&_pjax=%23js-pjax-container
05-21 17:46 requests.packages.urllib3.connectionpool INFO     Starting new HTTPS connection (1): github.com
05-21 17:46 root         INFO     update cookie success
05-21 17:46 root         INFO     [fetching] https://github.com/search?o=desc&p=61&q=smtp+pass+mail&l=PHP&s=indexed&type=Code&utf8=%E2%9C%93&_pjax=%23js-pjax-container
05-21 17:46 requests.packages.urllib3.connectionpool INFO     Starting new HTTPS connection (1): github.com
05-21 17:46 root         INFO     update cookie success
05-21 17:46 root         INFO     [fetching] https://github.com/search?o=desc&p=62&q=smtp+pass+mail&l=PHP&s=indexed&type=Code&utf8=%E2%9C%93&_pjax=%23js-pjax-container
05-21 17:46 requests.packages.urllib3.connectionpool INFO     Starting new HTTPS connection (1): github.com
05-21 17:46 root         INFO     update cookie success
05-21 17:46 root         INFO     [fetching] https://github.com/search?o=desc&p=63&q=smtp+pass+mail&l=PHP&s=indexed&type=Code&utf8=%E2%9C%93&_pjax=%23js-pjax-container
05-21 17:46 requests.packages.urllib3.connectionpool INFO     Starting new HTTPS connection (1): github.com
05-21 17:46 root         INFO     update cookie success
05-21 17:46 root         INFO     [fetching] https://github.com/search?o=desc&p=64&q=smtp+pass+mail&l=PHP&s=indexed&type=Code&utf8=%E2%9C%93&_pjax=%23js-pjax-container
05-21 17:46 requests.packages.urllib3.connectionpool INFO     Starting new HTTPS connection (1): github.com
05-21 17:46 root         INFO     update cookie success
05-21 17:46 root         INFO     [fetching] https://github.com/search?o=desc&p=65&q=smtp+pass+mail&l=PHP&s=indexed&type=Code&utf8=%E2%9C%93&_pjax=%23js-pjax-container
05-21 17:46 requests.packages.urllib3.connectionpool INFO     Starting new HTTPS connection (1): github.com
05-21 17:46 root         INFO     update cookie success
05-21 17:46 root         INFO     [fetching] https://github.com/search?o=desc&p=66&q=smtp+pass+mail&l=PHP&s=indexed&type=Code&utf8=%E2%9C%93&_pjax=%23js-pjax-container
05-21 17:46 requests.packages.urllib3.connectionpool INFO     Starting new HTTPS connection (1): github.com
05-21 17:46 root         INFO     update cookie success
05-21 17:46 root         INFO     [fetching] https://github.com/search?o=desc&p=67&q=smtp+pass+mail&l=PHP&s=indexed&type=Code&utf8=%E2%9C%93&_pjax=%23js-pjax-container
05-21 17:46 requests.packages.urllib3.connectionpool INFO     Starting new HTTPS connection (1): github.com
05-21 17:46 root         INFO     update cookie success
05-21 17:46 root         INFO     [fetching] https://github.com/search?o=desc&p=68&q=smtp+pass+mail&l=PHP&s=indexed&type=Code&utf8=%E2%9C%93&_pjax=%23js-pjax-container
05-21 17:46 requests.packages.urllib3.connectionpool INFO     Starting new HTTPS connection (1): github.com
05-21 17:47 root         INFO     update cookie success
05-21 17:47 root         INFO     [fetching] https://github.com/search?o=desc&p=69&q=smtp+pass+mail&l=PHP&s=indexed&type=Code&utf8=%E2%9C%93&_pjax=%23js-pjax-container
05-21 17:47 requests.packages.urllib3.connectionpool INFO     Starting new HTTPS connection (1): github.com
05-21 17:47 root         INFO     update cookie success
05-21 17:47 root         INFO     [fetching] https://github.com/search?o=desc&p=70&q=smtp+pass+mail&l=PHP&s=indexed&type=Code&utf8=%E2%9C%93&_pjax=%23js-pjax-container
05-21 17:47 requests.packages.urllib3.connectionpool INFO     Starting new HTTPS connection (1): github.com
05-21 17:47 root         INFO     update cookie success
05-21 17:47 root         INFO     [fetching] https://github.com/search?o=desc&p=71&q=smtp+pass+mail&l=PHP&s=indexed&type=Code&utf8=%E2%9C%93&_pjax=%23js-pjax-container
05-21 17:47 requests.packages.urllib3.connectionpool INFO     Starting new HTTPS connection (1): github.com
05-21 17:47 root         INFO     update cookie success
